{"/Users/andrewbeamer/Repos/polar-edge-analytics/packages/tba-sdk/src/errors.ts": {"path":"/Users/andrewbeamer/Repos/polar-edge-analytics/packages/tba-sdk/src/errors.ts","statementMap":{"0":{"start":{"line":10,"column":4},"end":{"line":10,"column":null}},"1":{"start":{"line":6,"column":20},"end":{"line":6,"column":null}},"2":{"start":{"line":7,"column":20},"end":{"line":7,"column":null}},"3":{"start":{"line":8,"column":20},"end":{"line":8,"column":null}},"4":{"start":{"line":11,"column":4},"end":{"line":11,"column":null}},"5":{"start":{"line":12,"column":4},"end":{"line":12,"column":null}},"6":{"start":{"line":24,"column":4},"end":{"line":24,"column":null}},"7":{"start":{"line":21,"column":20},"end":{"line":21,"column":null}},"8":{"start":{"line":22,"column":20},"end":{"line":22,"column":null}},"9":{"start":{"line":25,"column":4},"end":{"line":25,"column":null}},"10":{"start":{"line":26,"column":4},"end":{"line":26,"column":null}},"11":{"start":{"line":35,"column":4},"end":{"line":35,"column":null}},"12":{"start":{"line":36,"column":4},"end":{"line":36,"column":null}},"13":{"start":{"line":37,"column":4},"end":{"line":37,"column":null}},"14":{"start":{"line":46,"column":4},"end":{"line":46,"column":null}},"15":{"start":{"line":47,"column":4},"end":{"line":47,"column":null}},"16":{"start":{"line":48,"column":4},"end":{"line":48,"column":null}}},"fnMap":{"0":{"name":"(anonymous_0)","decl":{"start":{"line":5,"column":2},"end":{"line":5,"column":null}},"loc":{"start":{"line":9,"column":4},"end":{"line":13,"column":null}}},"1":{"name":"(anonymous_1)","decl":{"start":{"line":20,"column":2},"end":{"line":20,"column":null}},"loc":{"start":{"line":23,"column":4},"end":{"line":27,"column":null}}},"2":{"name":"(anonymous_2)","decl":{"start":{"line":34,"column":2},"end":{"line":34,"column":14}},"loc":{"start":{"line":34,"column":48},"end":{"line":38,"column":null}}},"3":{"name":"(anonymous_3)","decl":{"start":{"line":45,"column":2},"end":{"line":45,"column":14}},"loc":{"start":{"line":45,"column":48},"end":{"line":49,"column":null}}}},"branchMap":{"0":{"loc":{"start":{"line":24,"column":55},"end":{"line":24,"column":88}},"type":"binary-expr","locations":[{"start":{"line":24,"column":55},"end":{"line":24,"column":73}},{"start":{"line":24,"column":73},"end":{"line":24,"column":88}}]}},"s":{"0":5,"1":5,"2":5,"3":5,"4":5,"5":5,"6":1,"7":1,"8":1,"9":1,"10":1,"11":1,"12":1,"13":1,"14":2,"15":2,"16":2},"f":{"0":5,"1":1,"2":1,"3":2},"b":{"0":[1,0]}}
,"/Users/andrewbeamer/Repos/polar-edge-analytics/packages/tba-sdk/src/builders/event-builder.ts": {"path":"/Users/andrewbeamer/Repos/polar-edge-analytics/packages/tba-sdk/src/builders/event-builder.ts","statementMap":{"0":{"start":{"line":12,"column":12},"end":{"line":12,"column":null}},"1":{"start":{"line":13,"column":12},"end":{"line":13,"column":null}},"2":{"start":{"line":14,"column":12},"end":{"line":14,"column":38}},"3":{"start":{"line":21,"column":20},"end":{"line":21,"column":null}},"4":{"start":{"line":22,"column":4},"end":{"line":22,"column":null}},"5":{"start":{"line":29,"column":19},"end":{"line":29,"column":null}},"6":{"start":{"line":30,"column":4},"end":{"line":30,"column":null}},"7":{"start":{"line":37,"column":19},"end":{"line":37,"column":null}},"8":{"start":{"line":38,"column":4},"end":{"line":38,"column":null}},"9":{"start":{"line":45,"column":19},"end":{"line":45,"column":null}},"10":{"start":{"line":46,"column":4},"end":{"line":46,"column":null}},"11":{"start":{"line":53,"column":21},"end":{"line":53,"column":null}},"12":{"start":{"line":54,"column":4},"end":{"line":54,"column":null}},"13":{"start":{"line":61,"column":19},"end":{"line":61,"column":null}},"14":{"start":{"line":62,"column":4},"end":{"line":62,"column":null}}},"fnMap":{"0":{"name":"(anonymous_0)","decl":{"start":{"line":11,"column":2},"end":{"line":11,"column":null}},"loc":{"start":{"line":15,"column":4},"end":{"line":15,"column":null}}},"1":{"name":"(anonymous_1)","decl":{"start":{"line":20,"column":2},"end":{"line":20,"column":12}},"loc":{"start":{"line":20,"column":12},"end":{"line":23,"column":null}}},"2":{"name":"(anonymous_2)","decl":{"start":{"line":28,"column":2},"end":{"line":28,"column":8}},"loc":{"start":{"line":28,"column":38},"end":{"line":31,"column":null}}},"3":{"name":"(anonymous_3)","decl":{"start":{"line":36,"column":2},"end":{"line":36,"column":8}},"loc":{"start":{"line":36,"column":44},"end":{"line":39,"column":null}}},"4":{"name":"(anonymous_4)","decl":{"start":{"line":44,"column":2},"end":{"line":44,"column":8}},"loc":{"start":{"line":44,"column":43},"end":{"line":47,"column":null}}},"5":{"name":"(anonymous_5)","decl":{"start":{"line":52,"column":2},"end":{"line":52,"column":8}},"loc":{"start":{"line":52,"column":46},"end":{"line":55,"column":null}}},"6":{"name":"(anonymous_6)","decl":{"start":{"line":60,"column":2},"end":{"line":60,"column":8}},"loc":{"start":{"line":60,"column":44},"end":{"line":63,"column":null}}}},"branchMap":{"0":{"loc":{"start":{"line":14,"column":12},"end":{"line":14,"column":null}},"type":"default-arg","locations":[{"start":{"line":14,"column":38},"end":{"line":14,"column":null}}]},"1":{"loc":{"start":{"line":30,"column":37},"end":{"line":30,"column":60}},"type":"binary-expr","locations":[{"start":{"line":30,"column":37},"end":{"line":30,"column":48}},{"start":{"line":30,"column":48},"end":{"line":30,"column":60}}]},"2":{"loc":{"start":{"line":38,"column":43},"end":{"line":38,"column":66}},"type":"binary-expr","locations":[{"start":{"line":38,"column":43},"end":{"line":38,"column":54}},{"start":{"line":38,"column":54},"end":{"line":38,"column":66}}]},"3":{"loc":{"start":{"line":46,"column":42},"end":{"line":46,"column":65}},"type":"binary-expr","locations":[{"start":{"line":46,"column":42},"end":{"line":46,"column":53}},{"start":{"line":46,"column":53},"end":{"line":46,"column":65}}]},"4":{"loc":{"start":{"line":54,"column":52},"end":{"line":54,"column":75}},"type":"binary-expr","locations":[{"start":{"line":54,"column":52},"end":{"line":54,"column":63}},{"start":{"line":54,"column":63},"end":{"line":54,"column":75}}]},"5":{"loc":{"start":{"line":62,"column":43},"end":{"line":62,"column":66}},"type":"binary-expr","locations":[{"start":{"line":62,"column":43},"end":{"line":62,"column":54}},{"start":{"line":62,"column":54},"end":{"line":62,"column":66}}]}},"s":{"0":21,"1":21,"2":21,"3":3,"4":3,"5":3,"6":3,"7":2,"8":2,"9":2,"10":2,"11":2,"12":2,"13":2,"14":2},"f":{"0":21,"1":3,"2":3,"3":2,"4":2,"5":2,"6":2},"b":{"0":[17],"1":[3,2],"2":[2,1],"3":[2,1],"4":[2,1],"5":[2,1]}}
,"/Users/andrewbeamer/Repos/polar-edge-analytics/packages/tba-sdk/src/builders/team-builder.ts": {"path":"/Users/andrewbeamer/Repos/polar-edge-analytics/packages/tba-sdk/src/builders/team-builder.ts","statementMap":{"0":{"start":{"line":11,"column":12},"end":{"line":11,"column":null}},"1":{"start":{"line":12,"column":12},"end":{"line":12,"column":null}},"2":{"start":{"line":13,"column":12},"end":{"line":13,"column":38}},"3":{"start":{"line":20,"column":18},"end":{"line":20,"column":null}},"4":{"start":{"line":21,"column":4},"end":{"line":21,"column":null}},"5":{"start":{"line":28,"column":18},"end":{"line":28,"column":null}},"6":{"start":{"line":29,"column":4},"end":{"line":29,"column":null}},"7":{"start":{"line":36,"column":18},"end":{"line":36,"column":null}},"8":{"start":{"line":37,"column":4},"end":{"line":39,"column":null}},"9":{"start":{"line":38,"column":6},"end":{"line":38,"column":null}},"10":{"start":{"line":40,"column":4},"end":{"line":40,"column":null}},"11":{"start":{"line":47,"column":18},"end":{"line":47,"column":null}},"12":{"start":{"line":48,"column":4},"end":{"line":48,"column":null}},"13":{"start":{"line":55,"column":18},"end":{"line":55,"column":null}},"14":{"start":{"line":56,"column":4},"end":{"line":58,"column":null}},"15":{"start":{"line":57,"column":6},"end":{"line":57,"column":null}},"16":{"start":{"line":59,"column":4},"end":{"line":59,"column":null}},"17":{"start":{"line":66,"column":18},"end":{"line":66,"column":null}},"18":{"start":{"line":67,"column":4},"end":{"line":67,"column":null}},"19":{"start":{"line":74,"column":18},"end":{"line":74,"column":null}},"20":{"start":{"line":75,"column":4},"end":{"line":75,"column":null}},"21":{"start":{"line":82,"column":18},"end":{"line":82,"column":null}},"22":{"start":{"line":83,"column":4},"end":{"line":83,"column":null}}},"fnMap":{"0":{"name":"(anonymous_0)","decl":{"start":{"line":10,"column":2},"end":{"line":10,"column":null}},"loc":{"start":{"line":14,"column":4},"end":{"line":14,"column":null}}},"1":{"name":"(anonymous_1)","decl":{"start":{"line":19,"column":2},"end":{"line":19,"column":8}},"loc":{"start":{"line":19,"column":38},"end":{"line":22,"column":null}}},"2":{"name":"(anonymous_2)","decl":{"start":{"line":27,"column":2},"end":{"line":27,"column":8}},"loc":{"start":{"line":27,"column":44},"end":{"line":30,"column":null}}},"3":{"name":"(anonymous_3)","decl":{"start":{"line":35,"column":2},"end":{"line":35,"column":8}},"loc":{"start":{"line":35,"column":59},"end":{"line":41,"column":null}}},"4":{"name":"(anonymous_4)","decl":{"start":{"line":46,"column":2},"end":{"line":46,"column":8}},"loc":{"start":{"line":46,"column":63},"end":{"line":49,"column":null}}},"5":{"name":"(anonymous_5)","decl":{"start":{"line":54,"column":2},"end":{"line":54,"column":8}},"loc":{"start":{"line":54,"column":59},"end":{"line":60,"column":null}}},"6":{"name":"(anonymous_6)","decl":{"start":{"line":65,"column":2},"end":{"line":65,"column":8}},"loc":{"start":{"line":65,"column":57},"end":{"line":68,"column":null}}},"7":{"name":"(anonymous_7)","decl":{"start":{"line":73,"column":2},"end":{"line":73,"column":8}},"loc":{"start":{"line":73,"column":61},"end":{"line":76,"column":null}}},"8":{"name":"(anonymous_8)","decl":{"start":{"line":81,"column":2},"end":{"line":81,"column":8}},"loc":{"start":{"line":81,"column":82},"end":{"line":84,"column":null}}}},"branchMap":{"0":{"loc":{"start":{"line":13,"column":12},"end":{"line":13,"column":null}},"type":"default-arg","locations":[{"start":{"line":13,"column":38},"end":{"line":13,"column":null}}]},"1":{"loc":{"start":{"line":21,"column":38},"end":{"line":21,"column":61}},"type":"binary-expr","locations":[{"start":{"line":21,"column":38},"end":{"line":21,"column":49}},{"start":{"line":21,"column":49},"end":{"line":21,"column":61}}]},"2":{"loc":{"start":{"line":29,"column":44},"end":{"line":29,"column":67}},"type":"binary-expr","locations":[{"start":{"line":29,"column":44},"end":{"line":29,"column":55}},{"start":{"line":29,"column":55},"end":{"line":29,"column":67}}]},"3":{"loc":{"start":{"line":37,"column":4},"end":{"line":39,"column":null}},"type":"if","locations":[{"start":{"line":37,"column":4},"end":{"line":39,"column":null}},{"start":{},"end":{}}]},"4":{"loc":{"start":{"line":38,"column":58},"end":{"line":38,"column":81}},"type":"binary-expr","locations":[{"start":{"line":38,"column":58},"end":{"line":38,"column":69}},{"start":{"line":38,"column":69},"end":{"line":38,"column":81}}]},"5":{"loc":{"start":{"line":40,"column":44},"end":{"line":40,"column":67}},"type":"binary-expr","locations":[{"start":{"line":40,"column":44},"end":{"line":40,"column":55}},{"start":{"line":40,"column":55},"end":{"line":40,"column":67}}]},"6":{"loc":{"start":{"line":48,"column":60},"end":{"line":48,"column":83}},"type":"binary-expr","locations":[{"start":{"line":48,"column":60},"end":{"line":48,"column":71}},{"start":{"line":48,"column":71},"end":{"line":48,"column":83}}]},"7":{"loc":{"start":{"line":56,"column":4},"end":{"line":58,"column":null}},"type":"if","locations":[{"start":{"line":56,"column":4},"end":{"line":58,"column":null}},{"start":{},"end":{}}]},"8":{"loc":{"start":{"line":57,"column":58},"end":{"line":57,"column":81}},"type":"binary-expr","locations":[{"start":{"line":57,"column":58},"end":{"line":57,"column":69}},{"start":{"line":57,"column":69},"end":{"line":57,"column":81}}]},"9":{"loc":{"start":{"line":59,"column":44},"end":{"line":59,"column":67}},"type":"binary-expr","locations":[{"start":{"line":59,"column":44},"end":{"line":59,"column":55}},{"start":{"line":59,"column":55},"end":{"line":59,"column":67}}]},"10":{"loc":{"start":{"line":67,"column":60},"end":{"line":67,"column":83}},"type":"binary-expr","locations":[{"start":{"line":67,"column":60},"end":{"line":67,"column":71}},{"start":{"line":67,"column":71},"end":{"line":67,"column":83}}]},"11":{"loc":{"start":{"line":75,"column":57},"end":{"line":75,"column":80}},"type":"binary-expr","locations":[{"start":{"line":75,"column":57},"end":{"line":75,"column":68}},{"start":{"line":75,"column":68},"end":{"line":75,"column":80}}]},"12":{"loc":{"start":{"line":83,"column":70},"end":{"line":83,"column":93}},"type":"binary-expr","locations":[{"start":{"line":83,"column":70},"end":{"line":83,"column":81}},{"start":{"line":83,"column":81},"end":{"line":83,"column":93}}]}},"s":{"0":24,"1":24,"2":24,"3":2,"4":2,"5":2,"6":2,"7":4,"8":4,"9":2,"10":2,"11":2,"12":2,"13":4,"14":4,"15":2,"16":2,"17":2,"18":2,"19":2,"20":2,"21":2,"22":2},"f":{"0":24,"1":2,"2":2,"3":4,"4":2,"5":4,"6":2,"7":2,"8":2},"b":{"0":[23],"1":[2,1],"2":[2,1],"3":[2,2],"4":[2,1],"5":[2,1],"6":[2,1],"7":[2,2],"8":[2,1],"9":[2,1],"10":[2,1],"11":[2,1],"12":[2,1]}}
,"/Users/andrewbeamer/Repos/polar-edge-analytics/packages/tba-sdk/src/cache/memory-cache.ts": {"path":"/Users/andrewbeamer/Repos/polar-edge-analytics/packages/tba-sdk/src/cache/memory-cache.ts","statementMap":{"0":{"start":{"line":7,"column":28},"end":{"line":7,"column":null}},"1":{"start":{"line":12,"column":23},"end":{"line":12,"column":null}},"2":{"start":{"line":31,"column":16},"end":{"line":31,"column":null}},"3":{"start":{"line":32,"column":4},"end":{"line":32,"column":null}},"4":{"start":{"line":34,"column":4},"end":{"line":40,"column":null}},"5":{"start":{"line":44,"column":18},"end":{"line":44,"column":null}},"6":{"start":{"line":45,"column":4},"end":{"line":47,"column":null}},"7":{"start":{"line":46,"column":6},"end":{"line":46,"column":null}},"8":{"start":{"line":48,"column":4},"end":{"line":48,"column":null}},"9":{"start":{"line":53,"column":16},"end":{"line":53,"column":null}},"10":{"start":{"line":55,"column":4},"end":{"line":57,"column":null}},"11":{"start":{"line":61,"column":4},"end":{"line":61,"column":null}},"12":{"start":{"line":65,"column":4},"end":{"line":65,"column":null}},"13":{"start":{"line":69,"column":4},"end":{"line":69,"column":null}}},"fnMap":{"0":{"name":"(anonymous_0)","decl":{"start":{"line":30,"column":2},"end":{"line":30,"column":14}},"loc":{"start":{"line":30,"column":48},"end":{"line":41,"column":null}}},"1":{"name":"(anonymous_1)","decl":{"start":{"line":43,"column":2},"end":{"line":43,"column":19}},"loc":{"start":{"line":43,"column":59},"end":{"line":49,"column":null}}},"2":{"name":"(anonymous_2)","decl":{"start":{"line":51,"column":2},"end":{"line":51,"column":19}},"loc":{"start":{"line":51,"column":60},"end":{"line":58,"column":null}}},"3":{"name":"(anonymous_3)","decl":{"start":{"line":60,"column":2},"end":{"line":60,"column":9}},"loc":{"start":{"line":60,"column":28},"end":{"line":62,"column":null}}},"4":{"name":"(anonymous_4)","decl":{"start":{"line":64,"column":2},"end":{"line":64,"column":16}},"loc":{"start":{"line":64,"column":16},"end":{"line":66,"column":null}}},"5":{"name":"(anonymous_5)","decl":{"start":{"line":68,"column":2},"end":{"line":68,"column":17}},"loc":{"start":{"line":68,"column":17},"end":{"line":70,"column":null}}}},"branchMap":{"0":{"loc":{"start":{"line":30,"column":14},"end":{"line":30,"column":48}},"type":"default-arg","locations":[{"start":{"line":30,"column":44},"end":{"line":30,"column":48}}]},"1":{"loc":{"start":{"line":31,"column":16},"end":{"line":31,"column":null}},"type":"binary-expr","locations":[{"start":{"line":31,"column":16},"end":{"line":31,"column":31}},{"start":{"line":31,"column":31},"end":{"line":31,"column":null}}]},"2":{"loc":{"start":{"line":32,"column":22},"end":{"line":32,"column":null}},"type":"binary-expr","locations":[{"start":{"line":32,"column":22},"end":{"line":32,"column":44}},{"start":{"line":32,"column":44},"end":{"line":32,"column":null}}]},"3":{"loc":{"start":{"line":45,"column":4},"end":{"line":47,"column":null}},"type":"if","locations":[{"start":{"line":45,"column":4},"end":{"line":47,"column":null}},{"start":{},"end":{}}]},"4":{"loc":{"start":{"line":53,"column":16},"end":{"line":53,"column":null}},"type":"cond-expr","locations":[{"start":{"line":53,"column":31},"end":{"line":53,"column":53}},{"start":{"line":53,"column":53},"end":{"line":53,"column":null}}]},"5":{"loc":{"start":{"line":56,"column":11},"end":{"line":56,"column":null}},"type":"cond-expr","locations":[{"start":{"line":56,"column":21},"end":{"line":56,"column":27}},{"start":{"line":56,"column":27},"end":{"line":56,"column":null}}]}},"s":{"0":2,"1":2,"2":22,"3":22,"4":22,"5":24,"6":24,"7":11,"8":13,"9":23,"10":23,"11":3,"12":1,"13":10},"f":{"0":22,"1":24,"2":23,"3":3,"4":1,"5":10},"b":{"0":[20],"1":[22,20],"2":[22,21],"3":[11,13],"4":[3,20],"5":[23,0]}}
,"/Users/andrewbeamer/Repos/polar-edge-analytics/packages/tba-sdk/src/fetcher/fetcher.ts": {"path":"/Users/andrewbeamer/Repos/polar-edge-analytics/packages/tba-sdk/src/fetcher/fetcher.ts","statementMap":{"0":{"start":{"line":16,"column":25},"end":{"line":16,"column":null}},"1":{"start":{"line":17,"column":2},"end":{"line":19,"column":null}},"2":{"start":{"line":18,"column":4},"end":{"line":18,"column":null}},"3":{"start":{"line":20,"column":2},"end":{"line":20,"column":null}},"4":{"start":{"line":34,"column":4},"end":{"line":34,"column":null}},"5":{"start":{"line":35,"column":4},"end":{"line":35,"column":null}},"6":{"start":{"line":36,"column":4},"end":{"line":36,"column":null}},"7":{"start":{"line":58,"column":21},"end":{"line":58,"column":null}},"8":{"start":{"line":59,"column":4},"end":{"line":59,"column":null}},"9":{"start":{"line":71,"column":25},"end":{"line":71,"column":null}},"10":{"start":{"line":72,"column":21},"end":{"line":72,"column":null}},"11":{"start":{"line":76,"column":4},"end":{"line":78,"column":null}},"12":{"start":{"line":77,"column":6},"end":{"line":77,"column":null}},"13":{"start":{"line":81,"column":44},"end":{"line":83,"column":null}},"14":{"start":{"line":86,"column":17},"end":{"line":86,"column":null}},"15":{"start":{"line":87,"column":4},"end":{"line":89,"column":null}},"16":{"start":{"line":88,"column":6},"end":{"line":88,"column":null}},"17":{"start":{"line":91,"column":4},"end":{"line":155,"column":null}},"18":{"start":{"line":92,"column":18},"end":{"line":92,"column":null}},"19":{"start":{"line":93,"column":23},"end":{"line":96,"column":null}},"20":{"start":{"line":99,"column":6},"end":{"line":107,"column":null}},"21":{"start":{"line":100,"column":8},"end":{"line":106,"column":null}},"22":{"start":{"line":110,"column":6},"end":{"line":113,"column":null}},"23":{"start":{"line":111,"column":21},"end":{"line":111,"column":null}},"24":{"start":{"line":111,"column":55},"end":{"line":111,"column":64}},"25":{"start":{"line":112,"column":8},"end":{"line":112,"column":null}},"26":{"start":{"line":116,"column":43},"end":{"line":116,"column":null}},"27":{"start":{"line":117,"column":27},"end":{"line":117,"column":null}},"28":{"start":{"line":118,"column":27},"end":{"line":118,"column":null}},"29":{"start":{"line":119,"column":21},"end":{"line":119,"column":null}},"30":{"start":{"line":122,"column":6},"end":{"line":129,"column":null}},"31":{"start":{"line":123,"column":8},"end":{"line":128,"column":null}},"32":{"start":{"line":131,"column":6},"end":{"line":137,"column":null}},"33":{"start":{"line":140,"column":6},"end":{"line":142,"column":null}},"34":{"start":{"line":141,"column":8},"end":{"line":141,"column":null}},"35":{"start":{"line":145,"column":6},"end":{"line":147,"column":null}},"36":{"start":{"line":146,"column":8},"end":{"line":146,"column":null}},"37":{"start":{"line":150,"column":6},"end":{"line":152,"column":null}},"38":{"start":{"line":151,"column":8},"end":{"line":151,"column":null}},"39":{"start":{"line":154,"column":6},"end":{"line":154,"column":null}},"40":{"start":{"line":164,"column":4},"end":{"line":168,"column":null}},"41":{"start":{"line":165,"column":6},"end":{"line":165,"column":null}},"42":{"start":{"line":167,"column":6},"end":{"line":167,"column":null}},"43":{"start":{"line":170,"column":4},"end":{"line":177,"column":null}},"44":{"start":{"line":172,"column":8},"end":{"line":172,"column":null}},"45":{"start":{"line":174,"column":8},"end":{"line":174,"column":null}},"46":{"start":{"line":176,"column":8},"end":{"line":176,"column":null}},"47":{"start":{"line":181,"column":4},"end":{"line":181,"column":null}},"48":{"start":{"line":181,"column":23},"end":{"line":181,"column":null}},"49":{"start":{"line":182,"column":18},"end":{"line":182,"column":null}},"50":{"start":{"line":183,"column":4},"end":{"line":183,"column":null}}},"fnMap":{"0":{"name":"resolvePath","decl":{"start":{"line":15,"column":9},"end":{"line":15,"column":43}},"loc":{"start":{"line":15,"column":99},"end":{"line":21,"column":null}}},"1":{"name":"(anonymous_1)","decl":{"start":{"line":33,"column":2},"end":{"line":33,"column":14}},"loc":{"start":{"line":33,"column":91},"end":{"line":37,"column":null}}},"2":{"name":"(anonymous_2)","decl":{"start":{"line":53,"column":2},"end":{"line":53,"column":8}},"loc":{"start":{"line":57,"column":37},"end":{"line":60,"column":null}}},"3":{"name":"(anonymous_3)","decl":{"start":{"line":66,"column":2},"end":{"line":66,"column":8}},"loc":{"start":{"line":70,"column":37},"end":{"line":156,"column":null}}},"4":{"name":"(anonymous_4)","decl":{"start":{"line":111,"column":49},"end":{"line":111,"column":55}},"loc":{"start":{"line":111,"column":55},"end":{"line":111,"column":64}}},"5":{"name":"(anonymous_5)","decl":{"start":{"line":158,"column":2},"end":{"line":158,"column":16}},"loc":{"start":{"line":162,"column":20},"end":{"line":178,"column":null}}},"6":{"name":"(anonymous_6)","decl":{"start":{"line":180,"column":10},"end":{"line":180,"column":22}},"loc":{"start":{"line":180,"column":65},"end":{"line":184,"column":null}}}},"branchMap":{"0":{"loc":{"start":{"line":33,"column":31},"end":{"line":33,"column":76}},"type":"default-arg","locations":[{"start":{"line":33,"column":72},"end":{"line":33,"column":76}}]},"1":{"loc":{"start":{"line":69,"column":4},"end":{"line":69,"column":null}},"type":"default-arg","locations":[{"start":{"line":69,"column":30},"end":{"line":69,"column":null}}]},"2":{"loc":{"start":{"line":76,"column":4},"end":{"line":78,"column":null}},"type":"if","locations":[{"start":{"line":76,"column":4},"end":{"line":78,"column":null}},{"start":{},"end":{}}]},"3":{"loc":{"start":{"line":76,"column":8},"end":{"line":76,"column":42}},"type":"binary-expr","locations":[{"start":{"line":76,"column":8},"end":{"line":76,"column":22}},{"start":{"line":76,"column":22},"end":{"line":76,"column":42}}]},"4":{"loc":{"start":{"line":86,"column":17},"end":{"line":86,"column":null}},"type":"binary-expr","locations":[{"start":{"line":86,"column":17},"end":{"line":86,"column":33}},{"start":{"line":86,"column":33},"end":{"line":86,"column":null}}]},"5":{"loc":{"start":{"line":87,"column":4},"end":{"line":89,"column":null}},"type":"if","locations":[{"start":{"line":87,"column":4},"end":{"line":89,"column":null}},{"start":{},"end":{}}]},"6":{"loc":{"start":{"line":99,"column":6},"end":{"line":107,"column":null}},"type":"if","locations":[{"start":{"line":99,"column":6},"end":{"line":107,"column":null}},{"start":{},"end":{}}]},"7":{"loc":{"start":{"line":99,"column":10},"end":{"line":99,"column":50}},"type":"binary-expr","locations":[{"start":{"line":99,"column":10},"end":{"line":99,"column":37}},{"start":{"line":99,"column":37},"end":{"line":99,"column":50}}]},"8":{"loc":{"start":{"line":110,"column":6},"end":{"line":113,"column":null}},"type":"if","locations":[{"start":{"line":110,"column":6},"end":{"line":113,"column":null}},{"start":{},"end":{}}]},"9":{"loc":{"start":{"line":117,"column":27},"end":{"line":117,"column":null}},"type":"binary-expr","locations":[{"start":{"line":117,"column":27},"end":{"line":117,"column":59}},{"start":{"line":117,"column":59},"end":{"line":117,"column":null}}]},"10":{"loc":{"start":{"line":118,"column":27},"end":{"line":118,"column":null}},"type":"binary-expr","locations":[{"start":{"line":118,"column":27},"end":{"line":118,"column":68}},{"start":{"line":118,"column":68},"end":{"line":118,"column":null}}]},"11":{"loc":{"start":{"line":122,"column":6},"end":{"line":129,"column":null}},"type":"if","locations":[{"start":{"line":122,"column":6},"end":{"line":129,"column":null}},{"start":{},"end":{}}]},"12":{"loc":{"start":{"line":122,"column":10},"end":{"line":122,"column":38}},"type":"binary-expr","locations":[{"start":{"line":122,"column":10},"end":{"line":122,"column":24}},{"start":{"line":122,"column":24},"end":{"line":122,"column":38}}]},"13":{"loc":{"start":{"line":140,"column":6},"end":{"line":142,"column":null}},"type":"if","locations":[{"start":{"line":140,"column":6},"end":{"line":142,"column":null}},{"start":{},"end":{}}]},"14":{"loc":{"start":{"line":140,"column":10},"end":{"line":140,"column":73}},"type":"binary-expr","locations":[{"start":{"line":140,"column":10},"end":{"line":140,"column":40}},{"start":{"line":140,"column":40},"end":{"line":140,"column":73}}]},"15":{"loc":{"start":{"line":145,"column":6},"end":{"line":147,"column":null}},"type":"if","locations":[{"start":{"line":145,"column":6},"end":{"line":147,"column":null}},{"start":{},"end":{}}]},"16":{"loc":{"start":{"line":145,"column":10},"end":{"line":145,"column":73}},"type":"binary-expr","locations":[{"start":{"line":145,"column":10},"end":{"line":145,"column":39}},{"start":{"line":145,"column":39},"end":{"line":145,"column":73}}]},"17":{"loc":{"start":{"line":150,"column":6},"end":{"line":152,"column":null}},"type":"if","locations":[{"start":{"line":150,"column":6},"end":{"line":152,"column":null}},{"start":{},"end":{}}]},"18":{"loc":{"start":{"line":165,"column":19},"end":{"line":165,"column":null}},"type":"cond-expr","locations":[{"start":{"line":165,"column":26},"end":{"line":165,"column":45}},{"start":{"line":165,"column":45},"end":{"line":165,"column":null}}]},"19":{"loc":{"start":{"line":170,"column":4},"end":{"line":177,"column":null}},"type":"switch","locations":[{"start":{"line":171,"column":6},"end":{"line":172,"column":null}},{"start":{"line":173,"column":6},"end":{"line":174,"column":null}},{"start":{"line":175,"column":6},"end":{"line":176,"column":null}}]},"20":{"loc":{"start":{"line":181,"column":4},"end":{"line":181,"column":null}},"type":"if","locations":[{"start":{"line":181,"column":4},"end":{"line":181,"column":null}},{"start":{},"end":{}}]},"21":{"loc":{"start":{"line":183,"column":11},"end":{"line":183,"column":null}},"type":"cond-expr","locations":[{"start":{"line":183,"column":19},"end":{"line":183,"column":51}},{"start":{"line":183,"column":51},"end":{"line":183,"column":null}}]}},"s":{"0":25,"1":25,"2":26,"3":25,"4":170,"5":170,"6":170,"7":8,"8":2,"9":25,"10":25,"11":25,"12":9,"13":25,"14":25,"15":25,"16":4,"17":25,"18":25,"19":25,"20":24,"21":1,"22":23,"23":5,"24":0,"25":5,"26":18,"27":18,"28":18,"29":18,"30":18,"31":8,"32":18,"33":6,"34":1,"35":5,"36":5,"37":0,"38":0,"39":0,"40":5,"41":5,"42":2,"43":5,"44":2,"45":1,"46":2,"47":18,"48":12,"49":6,"50":6},"f":{"0":25,"1":170,"2":8,"3":25,"4":0,"5":5,"6":18},"b":{"0":[1],"1":[22],"2":[9,16],"3":[25,10],"4":[25,23],"5":[4,21],"6":[1,23],"7":[24,1],"8":[5,18],"9":[18,6],"10":[18,12],"11":[8,10],"12":[18,9],"13":[1,5],"14":[6,1],"15":[5,0],"16":[5,0],"17":[0,0],"18":[5,0],"19":[2,1,2],"20":[12,6],"21":[5,1]}}
,"/Users/andrewbeamer/Repos/polar-edge-analytics/packages/tba-sdk/src/resources/events.ts": {"path":"/Users/andrewbeamer/Repos/polar-edge-analytics/packages/tba-sdk/src/resources/events.ts","statementMap":{"0":{"start":{"line":10,"column":30},"end":{"line":101,"column":null}},"1":{"start":{"line":11,"column":3},"end":{"line":101,"column":null}},"2":{"start":{"line":16,"column":6},"end":{"line":16,"column":null}},"3":{"start":{"line":22,"column":6},"end":{"line":22,"column":null}},"4":{"start":{"line":28,"column":6},"end":{"line":28,"column":null}},"5":{"start":{"line":34,"column":6},"end":{"line":34,"column":null}},"6":{"start":{"line":40,"column":6},"end":{"line":40,"column":null}},"7":{"start":{"line":46,"column":6},"end":{"line":46,"column":null}},"8":{"start":{"line":52,"column":6},"end":{"line":52,"column":null}},"9":{"start":{"line":58,"column":6},"end":{"line":58,"column":null}},"10":{"start":{"line":64,"column":6},"end":{"line":64,"column":null}},"11":{"start":{"line":70,"column":6},"end":{"line":70,"column":null}},"12":{"start":{"line":76,"column":6},"end":{"line":76,"column":null}},"13":{"start":{"line":82,"column":6},"end":{"line":82,"column":null}},"14":{"start":{"line":88,"column":6},"end":{"line":88,"column":null}},"15":{"start":{"line":94,"column":6},"end":{"line":94,"column":null}},"16":{"start":{"line":100,"column":6},"end":{"line":100,"column":null}}},"fnMap":{"0":{"name":"(anonymous_0)","decl":{"start":{"line":10,"column":30},"end":{"line":10,"column":31}},"loc":{"start":{"line":11,"column":3},"end":{"line":101,"column":null}}},"1":{"name":"(anonymous_1)","decl":{"start":{"line":15,"column":9},"end":{"line":15,"column":10}},"loc":{"start":{"line":16,"column":6},"end":{"line":16,"column":null}}},"2":{"name":"(anonymous_2)","decl":{"start":{"line":21,"column":15},"end":{"line":21,"column":16}},"loc":{"start":{"line":22,"column":6},"end":{"line":22,"column":null}}},"3":{"name":"(anonymous_3)","decl":{"start":{"line":27,"column":15},"end":{"line":27,"column":16}},"loc":{"start":{"line":28,"column":6},"end":{"line":28,"column":null}}},"4":{"name":"(anonymous_4)","decl":{"start":{"line":33,"column":21},"end":{"line":33,"column":22}},"loc":{"start":{"line":34,"column":6},"end":{"line":34,"column":null}}},"5":{"name":"(anonymous_5)","decl":{"start":{"line":39,"column":14},"end":{"line":39,"column":15}},"loc":{"start":{"line":40,"column":6},"end":{"line":40,"column":null}}},"6":{"name":"(anonymous_6)","decl":{"start":{"line":45,"column":20},"end":{"line":45,"column":21}},"loc":{"start":{"line":46,"column":6},"end":{"line":46,"column":null}}},"7":{"name":"(anonymous_7)","decl":{"start":{"line":51,"column":15},"end":{"line":51,"column":16}},"loc":{"start":{"line":52,"column":6},"end":{"line":52,"column":null}}},"8":{"name":"(anonymous_8)","decl":{"start":{"line":57,"column":18},"end":{"line":57,"column":19}},"loc":{"start":{"line":58,"column":6},"end":{"line":58,"column":null}}},"9":{"name":"(anonymous_9)","decl":{"start":{"line":63,"column":23},"end":{"line":63,"column":24}},"loc":{"start":{"line":64,"column":6},"end":{"line":64,"column":null}}},"10":{"name":"(anonymous_10)","decl":{"start":{"line":69,"column":17},"end":{"line":69,"column":18}},"loc":{"start":{"line":70,"column":6},"end":{"line":70,"column":null}}},"11":{"name":"(anonymous_11)","decl":{"start":{"line":75,"column":13},"end":{"line":75,"column":14}},"loc":{"start":{"line":76,"column":6},"end":{"line":76,"column":null}}},"12":{"name":"(anonymous_12)","decl":{"start":{"line":81,"column":20},"end":{"line":81,"column":21}},"loc":{"start":{"line":82,"column":6},"end":{"line":82,"column":null}}},"13":{"name":"(anonymous_13)","decl":{"start":{"line":87,"column":16},"end":{"line":87,"column":17}},"loc":{"start":{"line":88,"column":6},"end":{"line":88,"column":null}}},"14":{"name":"(anonymous_14)","decl":{"start":{"line":93,"column":22},"end":{"line":93,"column":23}},"loc":{"start":{"line":94,"column":6},"end":{"line":94,"column":null}}},"15":{"name":"(anonymous_15)","decl":{"start":{"line":99,"column":17},"end":{"line":99,"column":18}},"loc":{"start":{"line":100,"column":6},"end":{"line":100,"column":null}}}},"branchMap":{},"s":{"0":2,"1":31,"2":2,"3":2,"4":3,"5":2,"6":2,"7":2,"8":2,"9":2,"10":2,"11":2,"12":2,"13":2,"14":2,"15":2,"16":2},"f":{"0":31,"1":2,"2":2,"3":3,"4":2,"5":2,"6":2,"7":2,"8":2,"9":2,"10":2,"11":2,"12":2,"13":2,"14":2,"15":2},"b":{}}
,"/Users/andrewbeamer/Repos/polar-edge-analytics/packages/tba-sdk/src/resources/matches.ts": {"path":"/Users/andrewbeamer/Repos/polar-edge-analytics/packages/tba-sdk/src/resources/matches.ts","statementMap":{"0":{"start":{"line":13,"column":31},"end":{"line":79,"column":null}},"1":{"start":{"line":14,"column":30},"end":{"line":16,"column":null}},"2":{"start":{"line":15,"column":4},"end":{"line":15,"column":null}},"3":{"start":{"line":18,"column":21},"end":{"line":21,"column":null}},"4":{"start":{"line":19,"column":17},"end":{"line":19,"column":null}},"5":{"start":{"line":20,"column":4},"end":{"line":20,"column":null}},"6":{"start":{"line":23,"column":2},"end":{"line":78,"column":null}},"7":{"start":{"line":28,"column":20},"end":{"line":28,"column":null}},"8":{"start":{"line":29,"column":6},"end":{"line":29,"column":null}},"9":{"start":{"line":36,"column":22},"end":{"line":40,"column":null}},"10":{"start":{"line":41,"column":6},"end":{"line":41,"column":null}},"11":{"start":{"line":51,"column":22},"end":{"line":55,"column":null}},"12":{"start":{"line":56,"column":6},"end":{"line":56,"column":null}},"13":{"start":{"line":63,"column":6},"end":{"line":67,"column":null}},"14":{"start":{"line":73,"column":6},"end":{"line":77,"column":null}}},"fnMap":{"0":{"name":"(anonymous_0)","decl":{"start":{"line":13,"column":31},"end":{"line":13,"column":32}},"loc":{"start":{"line":13,"column":53},"end":{"line":79,"column":null}}},"1":{"name":"(anonymous_1)","decl":{"start":{"line":14,"column":30},"end":{"line":14,"column":31}},"loc":{"start":{"line":14,"column":60},"end":{"line":16,"column":null}}},"2":{"name":"(anonymous_2)","decl":{"start":{"line":18,"column":21},"end":{"line":18,"column":55}},"loc":{"start":{"line":18,"column":89},"end":{"line":21,"column":null}}},"3":{"name":"(anonymous_3)","decl":{"start":{"line":27,"column":14},"end":{"line":27,"column":21}},"loc":{"start":{"line":27,"column":84},"end":{"line":30,"column":null}}},"4":{"name":"(anonymous_4)","decl":{"start":{"line":35,"column":21},"end":{"line":35,"column":28}},"loc":{"start":{"line":35,"column":93},"end":{"line":42,"column":null}}},"5":{"name":"(anonymous_5)","decl":{"start":{"line":47,"column":27},"end":{"line":47,"column":null}},"loc":{"start":{"line":50,"column":33},"end":{"line":57,"column":null}}},"6":{"name":"(anonymous_6)","decl":{"start":{"line":62,"column":25},"end":{"line":62,"column":26}},"loc":{"start":{"line":63,"column":6},"end":{"line":67,"column":null}}},"7":{"name":"(anonymous_7)","decl":{"start":{"line":72,"column":31},"end":{"line":72,"column":32}},"loc":{"start":{"line":73,"column":6},"end":{"line":77,"column":null}}}},"branchMap":{},"s":{"0":2,"1":16,"2":9,"3":16,"4":9,"5":9,"6":16,"7":3,"8":3,"9":4,"10":4,"11":3,"12":3,"13":3,"14":3},"f":{"0":16,"1":9,"2":9,"3":3,"4":4,"5":3,"6":3,"7":3},"b":{}}
,"/Users/andrewbeamer/Repos/polar-edge-analytics/packages/tba-sdk/src/resources/media.ts": {"path":"/Users/andrewbeamer/Repos/polar-edge-analytics/packages/tba-sdk/src/resources/media.ts","statementMap":{"0":{"start":{"line":10,"column":29},"end":{"line":46,"column":null}},"1":{"start":{"line":11,"column":3},"end":{"line":46,"column":null}},"2":{"start":{"line":16,"column":6},"end":{"line":20,"column":null}},"3":{"start":{"line":26,"column":6},"end":{"line":30,"column":null}},"4":{"start":{"line":41,"column":6},"end":{"line":45,"column":null}}},"fnMap":{"0":{"name":"(anonymous_0)","decl":{"start":{"line":10,"column":29},"end":{"line":10,"column":30}},"loc":{"start":{"line":11,"column":3},"end":{"line":46,"column":null}}},"1":{"name":"(anonymous_1)","decl":{"start":{"line":15,"column":25},"end":{"line":15,"column":26}},"loc":{"start":{"line":16,"column":6},"end":{"line":20,"column":null}}},"2":{"name":"(anonymous_2)","decl":{"start":{"line":25,"column":23},"end":{"line":25,"column":24}},"loc":{"start":{"line":26,"column":6},"end":{"line":30,"column":null}}},"3":{"name":"(anonymous_3)","decl":{"start":{"line":35,"column":30},"end":{"line":35,"column":null}},"loc":{"start":{"line":41,"column":6},"end":{"line":45,"column":null}}}},"branchMap":{},"s":{"0":1,"1":13,"2":4,"3":4,"4":5},"f":{"0":13,"1":4,"2":4,"3":5},"b":{}}
,"/Users/andrewbeamer/Repos/polar-edge-analytics/packages/tba-sdk/src/resources/rankings.ts": {"path":"/Users/andrewbeamer/Repos/polar-edge-analytics/packages/tba-sdk/src/resources/rankings.ts","statementMap":{"0":{"start":{"line":10,"column":32},"end":{"line":29,"column":null}},"1":{"start":{"line":11,"column":3},"end":{"line":29,"column":null}},"2":{"start":{"line":16,"column":6},"end":{"line":16,"column":null}},"3":{"start":{"line":22,"column":6},"end":{"line":22,"column":null}},"4":{"start":{"line":28,"column":6},"end":{"line":28,"column":null}}},"fnMap":{"0":{"name":"(anonymous_0)","decl":{"start":{"line":10,"column":32},"end":{"line":10,"column":33}},"loc":{"start":{"line":11,"column":3},"end":{"line":29,"column":null}}},"1":{"name":"(anonymous_1)","decl":{"start":{"line":15,"column":25},"end":{"line":15,"column":26}},"loc":{"start":{"line":16,"column":6},"end":{"line":16,"column":null}}},"2":{"name":"(anonymous_2)","decl":{"start":{"line":21,"column":25},"end":{"line":21,"column":26}},"loc":{"start":{"line":22,"column":6},"end":{"line":22,"column":null}}},"3":{"name":"(anonymous_3)","decl":{"start":{"line":27,"column":22},"end":{"line":27,"column":23}},"loc":{"start":{"line":28,"column":6},"end":{"line":28,"column":null}}}},"branchMap":{},"s":{"0":2,"1":7,"2":2,"3":3,"4":2},"f":{"0":7,"1":2,"2":3,"3":2},"b":{}}
,"/Users/andrewbeamer/Repos/polar-edge-analytics/packages/tba-sdk/src/resources/teams.ts": {"path":"/Users/andrewbeamer/Repos/polar-edge-analytics/packages/tba-sdk/src/resources/teams.ts","statementMap":{"0":{"start":{"line":10,"column":29},"end":{"line":97,"column":null}},"1":{"start":{"line":11,"column":3},"end":{"line":97,"column":null}},"2":{"start":{"line":16,"column":6},"end":{"line":16,"column":null}},"3":{"start":{"line":22,"column":6},"end":{"line":22,"column":null}},"4":{"start":{"line":28,"column":6},"end":{"line":28,"column":null}},"5":{"start":{"line":34,"column":6},"end":{"line":34,"column":null}},"6":{"start":{"line":40,"column":6},"end":{"line":44,"column":null}},"7":{"start":{"line":50,"column":6},"end":{"line":50,"column":null}},"8":{"start":{"line":56,"column":6},"end":{"line":60,"column":null}},"9":{"start":{"line":66,"column":6},"end":{"line":70,"column":null}},"10":{"start":{"line":76,"column":6},"end":{"line":80,"column":null}},"11":{"start":{"line":86,"column":6},"end":{"line":86,"column":null}},"12":{"start":{"line":92,"column":6},"end":{"line":96,"column":null}}},"fnMap":{"0":{"name":"(anonymous_0)","decl":{"start":{"line":10,"column":29},"end":{"line":10,"column":30}},"loc":{"start":{"line":11,"column":3},"end":{"line":97,"column":null}}},"1":{"name":"(anonymous_1)","decl":{"start":{"line":15,"column":9},"end":{"line":15,"column":10}},"loc":{"start":{"line":16,"column":6},"end":{"line":16,"column":null}}},"2":{"name":"(anonymous_2)","decl":{"start":{"line":21,"column":15},"end":{"line":21,"column":16}},"loc":{"start":{"line":22,"column":6},"end":{"line":22,"column":null}}},"3":{"name":"(anonymous_3)","decl":{"start":{"line":27,"column":26},"end":{"line":27,"column":27}},"loc":{"start":{"line":28,"column":6},"end":{"line":28,"column":null}}},"4":{"name":"(anonymous_4)","decl":{"start":{"line":33,"column":15},"end":{"line":33,"column":16}},"loc":{"start":{"line":34,"column":6},"end":{"line":34,"column":null}}},"5":{"name":"(anonymous_5)","decl":{"start":{"line":39,"column":21},"end":{"line":39,"column":22}},"loc":{"start":{"line":40,"column":6},"end":{"line":44,"column":null}}},"6":{"name":"(anonymous_6)","decl":{"start":{"line":49,"column":21},"end":{"line":49,"column":22}},"loc":{"start":{"line":50,"column":6},"end":{"line":50,"column":null}}},"7":{"name":"(anonymous_7)","decl":{"start":{"line":55,"column":27},"end":{"line":55,"column":28}},"loc":{"start":{"line":56,"column":6},"end":{"line":60,"column":null}}},"8":{"name":"(anonymous_8)","decl":{"start":{"line":65,"column":21},"end":{"line":65,"column":22}},"loc":{"start":{"line":66,"column":6},"end":{"line":70,"column":null}}},"9":{"name":"(anonymous_9)","decl":{"start":{"line":75,"column":27},"end":{"line":75,"column":28}},"loc":{"start":{"line":76,"column":6},"end":{"line":80,"column":null}}},"10":{"name":"(anonymous_10)","decl":{"start":{"line":85,"column":15},"end":{"line":85,"column":16}},"loc":{"start":{"line":86,"column":6},"end":{"line":86,"column":null}}},"11":{"name":"(anonymous_11)","decl":{"start":{"line":91,"column":21},"end":{"line":91,"column":22}},"loc":{"start":{"line":92,"column":6},"end":{"line":96,"column":null}}}},"branchMap":{},"s":{"0":1,"1":32,"2":3,"3":3,"4":3,"5":3,"6":4,"7":2,"8":2,"9":3,"10":2,"11":3,"12":4},"f":{"0":32,"1":3,"2":3,"3":3,"4":3,"5":4,"6":2,"7":2,"8":3,"9":2,"10":3,"11":4},"b":{}}
}
